<?xml version="1.0" encoding="UTF-8"?>
<testsuite xmlns:xsi="http://www.w3.org/2001/XMLSchema-instance" xsi:noNamespaceSchemaLocation="https://maven.apache.org/surefire/maven-surefire-plugin/xsd/surefire-test-report.xsd" name="it.pkg.AppTest" time="0.026" tests="1" errors="0" skipped="0" failures="0">
  <properties>
    <property name="java.specification.version" value="17"/>
    <property name="sun.cpu.isalist" value="amd64"/>
    <property name="sun.jnu.encoding" value="Cp1252"/>
    <property name="java.class.path" value="C:\Users\Filip\Desktop\Other\archetypes\basic-app\target\test-classes\projects\it-basic\project\basic-project\target\test-classes;C:\Users\Filip\Desktop\Other\archetypes\basic-app\target\test-classes\projects\it-basic\project\basic-project\target\classes;C:\Users\Filip\.m2\repository\junit\junit\4.11\junit-4.11.jar;C:\Users\Filip\.m2\repository\org\hamcrest\hamcrest-core\1.3\hamcrest-core-1.3.jar;"/>
    <property name="java.vm.vendor" value="Oracle Corporation"/>
    <property name="sun.arch.data.model" value="64"/>
    <property name="user.variant" value=""/>
    <property name="java.vendor.url" value="https://java.oracle.com/"/>
    <property name="user.timezone" value="Africa/Casablanca"/>
    <property name="os.name" value="Windows 11"/>
    <property name="java.vm.specification.version" value="17"/>
    <property name="sun.java.launcher" value="SUN_STANDARD"/>
    <property name="user.country" value="GB"/>
    <property name="sun.boot.library.path" value="C:\Users\Filip\scoop\apps\openjdk17\current\bin"/>
    <property name="sun.java.command" value="C:\Users\Filip\AppData\Local\Temp\surefire4399735899926683972\surefirebooter7148090005450727327.jar C:\Users\Filip\AppData\Local\Temp\surefire4399735899926683972 2023-04-01T00-37-36_711-jvmRun1 surefire7630237089634838315tmp surefire_018350467023760163521tmp"/>
    <property name="jdk.debug" value="release"/>
    <property name="surefire.test.class.path" value="C:\Users\Filip\Desktop\Other\archetypes\basic-app\target\test-classes\projects\it-basic\project\basic-project\target\test-classes;C:\Users\Filip\Desktop\Other\archetypes\basic-app\target\test-classes\projects\it-basic\project\basic-project\target\classes;C:\Users\Filip\.m2\repository\junit\junit\4.11\junit-4.11.jar;C:\Users\Filip\.m2\repository\org\hamcrest\hamcrest-core\1.3\hamcrest-core-1.3.jar;"/>
    <property name="sun.cpu.endian" value="little"/>
    <property name="user.home" value="C:\Users\Filip"/>
    <property name="user.language" value="en"/>
    <property name="java.specification.vendor" value="Oracle Corporation"/>
    <property name="java.version.date" value="2022-01-18"/>
    <property name="java.home" value="C:\Users\Filip\scoop\apps\openjdk17\current"/>
    <property name="file.separator" value="\"/>
    <property name="basedir" value="C:\Users\Filip\Desktop\Other\archetypes\basic-app\target\test-classes\projects\it-basic\project\basic-project"/>
    <property name="java.vm.compressedOopsMode" value="Zero based"/>
    <property name="line.separator" value="&#10;"/>
    <property name="java.vm.specification.vendor" value="Oracle Corporation"/>
    <property name="java.specification.name" value="Java Platform API Specification"/>
    <property name="surefire.real.class.path" value="C:\Users\Filip\AppData\Local\Temp\surefire4399735899926683972\surefirebooter7148090005450727327.jar"/>
    <property name="user.script" value=""/>
    <property name="sun.management.compiler" value="HotSpot 64-Bit Tiered Compilers"/>
    <property name="java.runtime.version" value="17.0.2+8-86"/>
    <property name="user.name" value="Filip"/>
    <property name="path.separator" value=";"/>
    <property name="os.version" value="10.0"/>
    <property name="java.runtime.name" value="OpenJDK Runtime Environment"/>
    <property name="file.encoding" value="Cp1252"/>
    <property name="java.vm.name" value="OpenJDK 64-Bit Server VM"/>
    <property name="localRepository" value="C:\Users\Filip\.m2\repository"/>
    <property name="java.vendor.url.bug" value="https://bugreport.java.com/bugreport/"/>
    <property name="java.io.tmpdir" value="C:\Users\Filip\AppData\Local\Temp\"/>
    <property name="java.version" value="17.0.2"/>
    <property name="user.dir" value="C:\Users\Filip\Desktop\Other\archetypes\basic-app\target\test-classes\projects\it-basic\project\basic-project"/>
    <property name="os.arch" value="amd64"/>
    <property name="java.vm.specification.name" value="Java Virtual Machine Specification"/>
    <property name="sun.os.patch.level" value=""/>
    <property name="native.encoding" value="Cp1252"/>
    <property name="java.library.path" value="C:\Users\Filip\scoop\apps\openjdk17\current\bin;C:\WINDOWS\Sun\Java\bin;C:\WINDOWS\system32;C:\WINDOWS;C:\Program Files\Microsoft\jdk-11.0.16.101-hotspot\bin;C:\Program Files\NVIDIA GPU Computing Toolkit\CUDA\v11.7\bin;C:\Program Files\NVIDIA GPU Computing Toolkit\CUDA\v11.7\libnvvp;C:\Program Files\NVIDIA GPU Computing Toolkit\CUDA\v12.0\bin;C:\Program Files\NVIDIA GPU Computing Toolkit\CUDA\v12.0\libnvvp;C:\Windows\system32;C:\Windows;C:\Windows\System32\Wbem;C:\Windows\System32\WindowsPowerShell\v1.0\;C:\Windows\System32\OpenSSH\;C:\Program Files\NVIDIA Corporation\NVIDIA NvDLISR;C:\Program Files (x86)\NVIDIA Corporation\PhysX\Common;C:\Program Files\Airshipper\;C:\Program Files\Docker\Docker\resources\bin;C:\Program Files\Microsoft SQL Server\150\Tools\Binn\;C:\Program Files\Microsoft SQL Server\Client SDK\ODBC\170\Tools\Binn\;C:\Program Files\dotnet\;C:\HashiCorp\Vagrant\bin;C:\WINDOWS\system32;C:\WINDOWS;C:\WINDOWS\System32\Wbem;C:\WINDOWS\System32\WindowsPowerShell\v1.0\;C:\WINDOWS\System32\OpenSSH\;C:\ProgramData\chocolatey\bin;C:\Program Files\TortoiseGit\bin;C:\Program Files\NVIDIA Corporation\Nsight Compute 2022.2.0\;C:\Program Files\WireGuard\;C:\Users\Filip\scoop\apps\openjdk17\current\bin;C:\Users\Filip\scoop\apps\python39\current\Scripts;C:\Users\Filip\scoop\apps\python39\current;C:\Users\Filip\scoop\apps\python37\current\Scripts;C:\Users\Filip\scoop\apps\python37\current;C:\Users\Filip\android-container\.android\platform-tools;C:\Users\Filip\android-container\.android\emulator;C:\Users\Filip\android-container\.android\cmdline-tools\latest\bin;C:\Users\Filip\android-container\.android\platform-tools;C:\Users\Filip\android-container\.android\emulator;C:\Users\Filip\android-container\.android\cmdline-tools\latest\bin;C:\Users\Filip\android-container\.android\platform-tools;C:\Users\Filip\android-container\.android\emulator;C:\Users\Filip\android-container\.android\cmdline-tools\latest\bin;C:\Users\Filip\AppData\Local\Programs\git-cola\bin;C:\Users\Filip\AppData\Local\Programs\git-cola\bin;C:\Users\Filip\AppData\Roaming\local\bin;C:\Users\Filip\scoop\apps\openssl\current\bin;C:\Users\Filip\scoop\apps\swift\current\Developer\Toolchains\unknown-Asserts-development.xctoolchain\usr\bin;C:\Users\Filip\scoop\apps\ant\current\bin;C:\Users\Filip\scoop\apps\elixir\current\bin;C:\Users\Filip\.cargo\bin;C:\Users\Filip\go\bin;C:\Users\Filip\scoop\apps\haskell\current\lib\bin;C:\Users\Filip\scoop\apps\llvm\current\bin;C:\Users\Filip\scoop\apps\gcc\current\bin;C:\Users\Filip\scoop\apps\maven\current\bin;C:\Users\Filip\scoop\apps\nodejs-lts\current\bin;C:\Users\Filip\scoop\apps\nodejs-lts\current;C:\Users\Filip\scoop\apps\vscode\current\bin;C:\Users\Filip\scoop\shims;C:\Users\Filip\AppData\Local\Microsoft\WindowsApps;C:\Users\Filip\.dotnet\tools;C:\Users\Filip\AppData\Local\Android\Sdk\platform-tools;C:\Users\Filip\Desktop\Other\scrcpy-win64-v1.24;C:\Users\Filip\custom-bin;C:\Program Files\Oracle\VirtualBox;C:\Users\Filip\AppData\Local\Microsoft\WindowsApps;C:\Users\Filip\.dotnet\tools;C:\ghcup\bin;C:\Users\Filip\pypy3.9-v7.3.11-win64;C:\Program Files\R\R-4.2.2\bin\x64;C:\Users\Filip\cudnn\bin;C:\Users\Filip\.dotnet\tools;."/>
    <property name="java.vm.info" value="mixed mode, sharing"/>
    <property name="java.vendor" value="Oracle Corporation"/>
    <property name="java.vm.version" value="17.0.2+8-86"/>
    <property name="sun.io.unicode.encoding" value="UnicodeLittle"/>
    <property name="maven.repo.local" value="C:\Users\Filip\.m2\repository"/>
    <property name="java.class.version" value="61.0"/>
  </properties>
  <testcase name="shouldAnswerWithTrue" classname="it.pkg.AppTest" time="0.001"/>
</testsuite>